Arguments: 
  C:\Users\arno.veletanlic\scoop\apps\nodejs16\current\node.exe C:\Users\arno.veletanlic\scoop\apps\nodejs16\current\bin\node_modules\yarn\bin\yarn.js add danfojs-node

PATH: 
  ;C:\Program Files (x86)\Common Files\Pb115i32dk\Shared\PowerBuilder;C:\Oracle\Ora11gR2\bin\;C:\windows\system32;C:\windows;C:\windows\System32\Wbem;C:\windows\System32\WindowsPowerShell\v1.0\;C:\windows\System32\OpenSSH\;C:\Appli_FTV\SybaseClient\JS-12_5\bin\;C:\Appli_FTV\SybaseClient\OCS-12_5\bin\;C:\Appli_FTV\SybaseClient\OCS-12_5\lib3p\;C:\Appli_FTV\SybaseClient\OCS-12_5\dll\;C:\Appli_FTV\PBDK\;C:\Program Files (x86)\Fichiers communs\Pb115i32dk\Shared\PowerBuilder;C:\Program Files (x86)\Common Files\PbFranceTV;C:\Users\arno.veletanlic\scoop\apps\nodejs16\current;C:\Users\arno.veletanlic\scoop\apps\nodejs16\current\bin;C:\Users\arno.veletanlic\scoop\apps\sapmachine17-jdk\current\bin;C:\Users\arno.veletanlic\scoop\apps\temurin-jre\current\bin;C:\Users\arno.veletanlic\scoop\apps\pyenv\current\pyenv-win\bin;C:\Users\arno.veletanlic\scoop\apps\pyenv\current\pyenv-win\shims;C:\Users\arno.veletanlic\scoop\apps\nvm\current\nodejs\nodejs;C:\Users\arno.veletanlic\scoop\apps\python39\current\Scripts;C:\Users\arno.veletanlic\scoop\apps\python39\current;C:\Users\arno.veletanlic\scoop\apps\python38\current\Scripts;C:\Users\arno.veletanlic\scoop\apps\python38\current;C:\Users\arno.veletanlic\scoop\apps\python310\current\Scripts;C:\Users\arno.veletanlic\scoop\apps\python310\current;C:\Users\arno.veletanlic\scoop\apps\python\current\Scripts;C:\Users\arno.veletanlic\scoop\apps\python\current;C:\Users\arno.veletanlic\scoop\apps\openjdk\current\bin;C:\Users\arno.veletanlic\go\bin;C:\Users\arno.veletanlic\scoop\apps\gnupg\current\bin;C:\Users\arno.veletanlic\scoop\shims;C:\Users\arno.veletanlic\Miniconda3;C:\Users\arno.veletanlic\Miniconda3\Library\mingw-w64\bin;C:\Users\arno.veletanlic\Miniconda3\Library\usr\bin;C:\Users\arno.veletanlic\Miniconda3\Library\bin;C:\Users\arno.veletanlic\Miniconda3\Scripts;C:\Users\arno.veletanlic\AppData\Local\Microsoft\WindowsApps;C:\Users\arno.veletanlic\AppData\Local\Programs\Microsoft VS Code\bin;C:\Users\arno.veletanlic\AppData\Local\Programs\Git\cmd;C:\Users\arno.veletanlic\AppData\Local\Pandoc\;C:\Users\arno.veletanlic\AppData\Local\Programs\MiKTeX\miktex\bin\x64\;C:\Users\arno.veletanlic\AppData\Local\gnupg\bin;C:\Users\arno.veletanlic\AppData\Local\Programs\oh-my-posh\bin;c:\users\arno.veletanlic\.local\bin

Yarn version: 
  1.22.19

Node version: 
  16.19.0

Platform: 
  win32 x64

Trace: 
  Error: https://registry.yarnpkg.com/mathjs/-/mathjs-9.5.2.tgz: ESOCKETTIMEDOUT
      at ClientRequest.<anonymous> (C:\Users\arno.veletanlic\scoop\persist\nodejs16\bin\node_modules\yarn\lib\cli.js:141517:19)
      at Object.onceWrapper (node:events:627:28)
      at ClientRequest.emit (node:events:513:28)
      at TLSSocket.emitRequestTimeout (node:_http_client:839:9)
      at Object.onceWrapper (node:events:627:28)
      at TLSSocket.emit (node:events:525:35)
      at TLSSocket.Socket._onTimeout (node:net:550:8)
      at listOnTimeout (node:internal/timers:559:17)
      at processTimers (node:internal/timers:502:7)

npm manifest: 
  {
    "name": "node-ftv",
    "packageManager": "yarn@3.4.1",
    "dependencies": {
      "fs-extra": "^11.1.0",
      "sybase": "^1.2.3"
    }
  }

yarn manifest: 
  No manifest

Lockfile: 
  # THIS IS AN AUTOGENERATED FILE. DO NOT EDIT THIS FILE DIRECTLY.
  # yarn lockfile v1
  
  
  JSONStream@latest:
    version "1.3.5"
    resolved "https://registry.yarnpkg.com/JSONStream/-/JSONStream-1.3.5.tgz#3208c1f08d3a4d99261ab64f92302bc15e111ca0"
    integrity sha512-E+iruNOY8VV9s4JEbe1aNEm6MiszPRr/UfcHMz0TQh1BXSxHK+ASV1R6W4HpjBhSeS+54PIsAMCBmwD06LLsqQ==
    dependencies:
      jsonparse "^1.2.0"
      through ">=2.2.7 <3"
  
  fs-extra@^11.1.0:
    version "11.1.0"
    resolved "https://registry.yarnpkg.com/fs-extra/-/fs-extra-11.1.0.tgz#5784b102104433bb0e090f48bfc4a30742c357ed"
    integrity sha512-0rcTq621PD5jM/e0a3EJoGC/1TC5ZBCERW82LQuwfGnCa1V8w7dpYH1yNu+SLb6E5dkeCBzKEyLGlFrnr+dUyw==
    dependencies:
      graceful-fs "^4.2.0"
      jsonfile "^6.0.1"
      universalify "^2.0.0"
  
  graceful-fs@^4.1.6, graceful-fs@^4.2.0:
    version "4.2.10"
    resolved "https://registry.yarnpkg.com/graceful-fs/-/graceful-fs-4.2.10.tgz#147d3a006da4ca3ce14728c7aefc287c367d7a6c"
    integrity sha512-9ByhssR2fPVsNZj478qUUbKfmL0+t5BDVyjShtyZZLiK7ZDAArFFfopyOTj0M05wE2tJPisA4iTnnXl2YoPvOA==
  
  jsonfile@^6.0.1:
    version "6.1.0"
    resolved "https://registry.yarnpkg.com/jsonfile/-/jsonfile-6.1.0.tgz#bc55b2634793c679ec6403094eb13698a6ec0aae"
    integrity sha512-5dgndWOriYSm5cnYaJNhalLNDKOqFwyDB/rr1E9ZsGciGvKPs8R2xYGCacuf3z6K1YKDz182fd+fY3cn3pMqXQ==
    dependencies:
      universalify "^2.0.0"
    optionalDependencies:
      graceful-fs "^4.1.6"
  
  jsonparse@^1.2.0:
    version "1.3.1"
    resolved "https://registry.yarnpkg.com/jsonparse/-/jsonparse-1.3.1.tgz#3f4dae4a91fac315f71062f8521cc239f1366280"
    integrity sha512-POQXvpdL69+CluYsillJ7SUhKvytYjW9vG/GKpnf+xP8UWgYEM/RaMzHHofbALDiKbbP1W8UEYmgGl39WkPZsg==
  
  sybase@^1.2.3:
    version "1.2.3"
    resolved "https://registry.yarnpkg.com/sybase/-/sybase-1.2.3.tgz#44b29808e26778ee161cccfddff2039c3e8279f6"
    integrity sha512-69dtkzLPjWLQknP0x6gGud9WKZs7Ujdo8EEl4nwN/fhLrgXsgMxbGkT2rQfdw1kg2lbJvbpBSbA2vm0rWRxs6g==
    dependencies:
      JSONStream latest
  
  "through@>=2.2.7 <3":
    version "2.3.8"
    resolved "https://registry.yarnpkg.com/through/-/through-2.3.8.tgz#0dd4c9ffaabc357960b1b724115d7e0e86a2e1f5"
    integrity sha512-w89qg7PI8wAdvX60bMDP+bFoD5Dvhm9oLheFp5O4a2QF0cSBGsBX4qZmadPMvVqlLJBBci+WqGGOAPvcDeNSVg==
  
  universalify@^2.0.0:
    version "2.0.0"
    resolved "https://registry.yarnpkg.com/universalify/-/universalify-2.0.0.tgz#75a4984efedc4b08975c5aeb73f530d02df25717"
    integrity sha512-hAZsKq7Yy11Zu1DE0OzWjw7nnLZmJZYTDZZyEFHZdUhV8FkH5MCfoU1XMaxXovpyW5nq5scPqq0ZDP9Zyl04oQ==
